<?xml version="1.0" encoding="UTF-8"?>
<testsuite xmlns:xsi="http://www.w3.org/2001/XMLSchema-instance" xsi:noNamespaceSchemaLocation="https://maven.apache.org/surefire/maven-surefire-plugin/xsd/surefire-test-report.xsd" name="testrunner.TestRunner" time="44.031" tests="39" errors="0" skipped="0" failures="0">
  <properties>
[...]
</properties>
  <testcase name="Validate BookKeeper Dashboard page" classname="Generate Tax Relief Egress File" time="15.236"/>
  <testcase name="Generate Tax Relief Egress File Button is visible" classname="Generate Tax Relief Egress File" time="0.711"/>
  <testcase name="Generate Tax Relief Egress File Successfully" classname="Generate Tax Relief Egress File" time="2.37"/>
  <testcase name="Check file status in db once file process is triggered" classname="Generate Tax Relief Egress File" time="1.589"/>
  <testcase name="Check the total count of records, if file has contents" classname="Generate Tax Relief Egress File" time="0.63"/>
  <testcase name="Check the total count, if file has empty records" classname="Generate Tax Relief Egress File" time="0.535"/>
  <testcase name="Validate User lands on Clerk Dashboard page" classname="Upload a CSV file to populate the database from UI" time="0.728"/>
  <testcase name="Add Hero Button is visible" classname="Upload a CSV file to populate the database from UI" time="0.419"/>
  <testcase name="Upload a working record CSV File" classname="Upload a CSV file to populate the database from UI" time="2.186"/>
  <testcase name="Upload a erroneous record CSV File" classname="Upload a CSV file to populate the database from UI" time="1.707"/>
  <testcase name="Upload a CSV File with Column headers" classname="Upload a CSV file to populate the database from UI" time="1.255"/>
  <testcase name="Upload a text file no CSV File" classname="Upload a CSV file to populate the database from UI" time="1.194"/>
  <testcase name="Upload a empty record CSV File" classname="Upload a CSV file to populate the database from UI" time="1.365"/>
  <testcase name="Add a working class hero using Add a hero page" classname="Upload a CSV file to populate the database from UI" time="1.934"/>
  <testcase name="Single Working Class Hero Creation" classname="Working Class Hero creation using API" time="3.489"/>
  <testcase name="Check with invalid natid where it contains aplhanumeric characters" classname="Working Class Hero creation using API" time="0.105"/>
  <testcase name="Check with invalid natid where it does not prefix with natid" classname="Working Class Hero creation using API" time="0.046"/>
  <testcase name="Check with invalid natid where the number is not inclusive" classname="Working Class Hero creation using API" time="0.072"/>
  <testcase name="Check with invalid name where the it includes numeric value" classname="Working Class Hero creation using API" time="0.205"/>
  <testcase name="Check with invalid name where the it exceeds than allowed limit" classname="Working Class Hero creation using API" time="0.158"/>
  <testcase name="Check with invalid gender" classname="Working Class Hero creation using API" time="0.081"/>
  <testcase name="Check with future deathDate" classname="Working Class Hero creation using API" time="0.023"/>
  <testcase name="Check with invalid salary" classname="Working Class Hero creation using API" time="0.049"/>
  <testcase name="Check with creation of Working Class Hero with nullable browniepoints and deathdate" classname="Working Class Hero creation using API" time="0.068"/>
  <testcase name="Check with invalid taxpaid" classname="Working Class Hero creation using API" time="0.088"/>
  <testcase name="Check with creation of duplicate Single Working Class Hero" classname="Working Class Hero creation using API" time="0.267"/>
  <testcase name="Check Created Working Class Hero in database" classname="Working Class Hero creation using API" time="0.045"/>
  <testcase name="Check owe-money api with valid natid" classname="External Service Api calls" time="0.936"/>
  <testcase name="Check owe-money api with invalid natid" classname="External Service Api calls" time="0.045"/>
  <testcase name="Check owe-money api with valid natid and validate its response format" classname="External Service Api calls" time="0.044"/>
  <testcase name="Check owe-money api with valid natid and validating its response schema structure" classname="External Service Api calls" time="0.655"/>
  <testcase name="Login page title" classname="Login Page of a Working Class Hero System" time="0.212"/>
  <testcase name="Login with correct credentials" classname="Login Page of a Working Class Hero System" time="0.628"/>
  <testcase name="Login with invalid credentials" classname="Login Page of a Working Class Hero System" time="0.366"/>
  <testcase name="Creation of Single Working Class Hero with Vouchers" classname="Adding Vouchers to working class heroes using API" time="0.394"/>
  <testcase name="Check created vouchers added in database" classname="Adding Vouchers to working class heroes using API" time="0.068"/>
  <testcase name="Single Working Class Hero creation with empty Vouchers" classname="Adding Vouchers to working class heroes using API" time="0.263"/>
  <testcase name="Check vouchers added in db, which created with invalid details." classname="Adding Vouchers to working class heroes using API" time="0.027"/>
  <testcase name="Number of vouchers each customer has each voucher category" classname="Adding Vouchers to working class heroes using API" time="0.054"/>
</testsuite>